<?xml version="1.0" encoding="UTF-8"?>
<!-- Generated by org.testng.reporters.JUnitReportReporter -->
<testsuite hostname="LAPTOP-34I0LF0M" failures="0" tests="2" name="ui.LoginTest" time="0.010" errors="0" timestamp="2021-07-13T17:18:03 IST" skipped="0">
  <testcase classname="ui.LoginTest" name="aTest1" time="0.007"/>
  <system-out/>
  <testcase classname="ui.LoginTest" name="aTest2" time="0.003"/>
  <system-out/>
</testsuite> <!-- ui.LoginTest -->
